2023-04-28 12:34:28 INFO  - Save user with chat id = 1256354800
2023-04-28 12:34:28 INFO  - Execute command /start for user with chat id = 1256354800
2023-04-28 12:34:28 INFO  - Delete user with chat id = 1256354800
2023-04-28 12:34:29 INFO  - Execute command /deletedata for user with chat id = 1256354800
2023-04-28 12:34:31 INFO  - Execute command mydata for user with chat id = 1256354800
2023-04-28 12:34:33 INFO  - Execute command mydata for user with chat id = 1256354800
2023-04-28 12:34:35 INFO  - Save user with chat id = 1256354800
2023-04-28 12:34:36 INFO  - Execute command /start for user with chat id = 1256354800
2023-04-28 12:34:38 INFO  - Execute command  for user with chat id = 1256354800
2023-04-28 12:35:37 INFO  - Execute command /start for user with chat id = 1256354800
2023-04-28 12:35:39 INFO  - Execute command /mydata for user with chat id = 1256354800
2023-04-28 12:35:42 INFO  - Execute command /help for user with chat id = 1256354800
2023-04-28 12:35:43 INFO  - Delete user with chat id = 1256354800
2023-04-28 12:35:44 INFO  - Execute command /deletedata for user with chat id = 1256354800
2023-04-28 12:38:44 INFO  - Save user with chat id = 1256354800
2023-04-28 12:38:44 INFO  - Execute command /start for user with chat id = 1256354800
2023-04-28 12:38:47 INFO  - Execute command /mydata for user with chat id = 1256354800
2023-04-28 12:38:49 INFO  - Delete user with chat id = 1256354800
2023-04-28 12:38:49 INFO  - Execute command /deletedata for user with chat id = 1256354800
2023-04-28 12:43:16 INFO  - Save user with chat id = 1256354800
2023-04-28 12:43:16 INFO  - Execute command /start for user with chat id = 1256354800
2023-04-28 12:43:19 INFO  - Execute command /mydata for user with chat id = 1256354800
2023-04-28 12:43:20 INFO  - Delete user with chat id = 1256354800
2023-04-28 12:43:21 INFO  - Execute command /deletedata for user with chat id = 1256354800
2023-04-28 12:43:23 INFO  - Execute command /help for user with chat id = 1256354800
2023-04-28 12:47:41 INFO  - Save user with chat id = 1256354800
2023-04-28 12:47:42 INFO  - Execute command /start for user with chat id = 1256354800
2023-04-28 17:41:49 INFO  - Execute command /start for user with chat id = 1256354800
2023-04-28 17:41:51 INFO  - Execute command /mydata for user with chat id = 1256354800
2023-04-28 17:41:53 INFO  - Execute command /help for user with chat id = 1256354800
2023-04-28 17:41:56 INFO  - Execute command /start for user with chat id = 1256354800
2023-04-28 17:41:57 INFO  - Execute command /mydata for user with chat id = 1256354800
2023-04-28 17:41:59 INFO  - Delete user with chat id = 1256354800
2023-04-28 17:41:59 INFO  - Execute command /deletedata for user with chat id = 1256354800
2023-04-28 17:42:01 INFO  - Execute command mydata for user with chat id = 1256354800
2023-04-28 17:56:21 INFO  - Save user with chat id = 1256354800
2023-04-28 17:56:21 INFO  - Execute command /start for user with chat id = 1256354800
2023-04-28 17:56:23 INFO  - Execute command /mydata for user with chat id = 1256354800
2023-04-28 17:56:25 INFO  - Delete user with chat id = 1256354800
2023-04-28 17:56:25 INFO  - Execute command /deletedata for user with chat id = 1256354800
2023-04-28 17:56:27 INFO  - Execute command /help for user with chat id = 1256354800
2023-04-28 17:56:28 INFO  - Execute command /deletedata for user with chat id = 1256354800
2023-04-28 17:56:30 INFO  - Save user with chat id = 1256354800
2023-04-28 17:56:30 INFO  - Execute command /start for user with chat id = 1256354800
2023-04-28 21:31:28 INFO  - Execute command /start for user with chat id = 1256354800
2023-04-28 21:31:31 INFO  - Execute command /mydata for user with chat id = 1256354800
2023-04-28 21:33:00 INFO  - Execute command /start for user with chat id = 1256354800
2023-04-28 21:33:02 INFO  - Execute command /mydata for user with chat id = 1256354800
2023-04-28 21:33:48 INFO  - Execute command /start for user with chat id = 1256354800
2023-04-28 21:33:49 INFO  - Execute command /mydata for user with chat id = 1256354800
2023-04-28 21:33:51 INFO  - Delete user with chat id = 1256354800
2023-04-28 21:33:51 INFO  - Execute command /deletedata for user with chat id = 1256354800
2023-04-28 21:33:55 INFO  - Save user with chat id = 1256354800
2023-04-28 21:33:55 INFO  - Execute command /start for user with chat id = 1256354800
2023-04-28 21:34:13 INFO  - Execute command /start for user with chat id = 1256354800
2023-04-28 21:35:27 INFO  - Execute command /start for user with chat id = 1256354800
2023-04-28 21:35:29 INFO  - Execute command /mydata for user with chat id = 1256354800
2023-04-28 21:36:26 INFO  - Delete user with chat id = 1256354800
2023-04-28 21:36:27 INFO  - Execute command /deletedata for user with chat id = 1256354800
2023-04-28 21:36:29 INFO  - Execute command mydata for user with chat id = 1256354800
2023-05-06 19:19:23 INFO  - Save user with chat id = 1256354800
2023-05-06 19:19:23 INFO  - Execute command /start for user with chat id = 1256354800
2023-05-18 17:22:46 INFO  - Execute command /start for user with chat id = 1256354800
2023-05-18 17:22:48 INFO  - Execute command /mydata for user with chat id = 1256354800
2023-05-18 17:22:50 INFO  - Delete user with chat id = 1256354800
2023-05-18 17:22:50 INFO  - Execute command /deletedata for user with chat id = 1256354800
2023-05-18 17:22:53 INFO  - Execute command /help for user with chat id = 1256354800
2023-05-18 17:22:56 INFO  - Execute command mydata for user with chat id = 1256354800
